AAAAAABBBBBBCCCCCCDDDDDDEEEEEEFFFFFF
AAAAAABBBBBBCCCCCCDDDDDDEEEEEEFFFFFF
AAAAAABBBBBBCCCCCCDDDDDDEEEEEEFFFFFF
AAAAAABBBBBBCCCCCCDDDDDDEEEEEEFFFFFF
AAAAAABBBBBBCCCCCCDDDDDDEEEEEEFFFFFF
AAAAAABBBBBBCCCCCCDDDDDDEEEEEEFFFFFF
BBBBBBCCCCCCDDDDDDEEEEEEFFFFFFGGGGGG
BBBBBBCCCCCCDDDDDDEEEEEEFFFFFFGGGGGG
BBBBBBCCCCCCDDDDDDEEEEEEFFFFFFGGGGGG
BBBBBBCCCCCCDDDDDDEEEEEEFFFFFFGGGGGG
BBBBBBCCCCCCDDDDDDEEEEEEFFFFFFGGGGGG
BBBBBBCCCCCCDDDDDDEEEEEEFFFFFFGGGGGG
CCCCCCDDDDDDEEEEEEFFFFFFGGGGGGHHHHHH
CCCCCCDDDDDDEEEEEEFFFFFFGGGGGGHHHHHH
CCCCCCDDDDDDEEEEEEFFFFFFGGGGGGHHHHHH
CCCCCCDDDDDDEEEEEEFFFFFFGGGGGGHHHHHH
CCCCCCDDDDDDEEEEEEFFFFFFGGGGGGHHHHHH
CCCCCCDDDDDDEEEEEEFFFFFFGGGGGGHHHHHH
DDDDDDEEEEEEFFFFFFGGGGGGHHHHHHIIIIII
DDDDDDEEEEEEFFFFFFGGGGGGHHHHHHIIIIII
DDDDDDEEEEEEFFFFFFGGGGGGHHHHHHIIIIII
DDDDDDEEEEEEFFFFFFGGGGGGHHHHHHIIIIII
DDDDDDEEEEEEFFFFFFGGGGGGHHHHHHIIIIII
DDDDDDEEEEEEFFFFFFGGGGGGHHHHHHIIIIII
EEEEEEFFFFFFGGGGGGHHHHHHIIIIIIJJJJJJ
EEEEEEFFFFFFGGGGGGHHHHHHIIIIIIJJJJJJ
EEEEEEFFFFFFGGGGGGHHHHHHIIIIIIJJJJJJ
EEEEEEFFFFFFGGGGGGHHHHHHIIIIIIJJJJJJ
EEEEEEFFFFFFGGGGGGHHHHHHIIIIIIJJJJJJ
EEEEEEFFFFFFGGGGGGHHHHHHIIIIIIJJJJJJ
FFFFFFGGGGGGHHHHHHIIIIIIJJJJJJKKKKKK
FFFFFFGGGGGGHHHHHHIIIIIIJJJJJJKKKKKK
FFFFFFGGGGGGHHHHHHIIIIIIJJJJJJKKKKKK
FFFFFFGGGGGGHHHHHHIIIIIIJJJJJJKKKKKK
FFFFFFGGGGGGHHHHHHIIIIIIJJJJJJKKKKKK
FFFFFFGGGGGGHHHHHHIIIIIIJJJJJJKKKKKK
